2024/04/18 20:01:23 [notice] 1#1: using the "epoll" event method
2024/04/18 20:01:23 [notice] 1#1: nginx/1.25.5
2024/04/18 20:01:23 [notice] 1#1: built by gcc 12.2.0 (Debian 12.2.0-14) 
2024/04/18 20:01:23 [notice] 1#1: OS: Linux 6.1.0-20-amd64
2024/04/18 20:01:23 [notice] 1#1: getrlimit(RLIMIT_NOFILE): 1048576:1048576
2024/04/18 20:01:23 [notice] 1#1: start worker processes
2024/04/18 20:01:23 [notice] 1#1: start worker process 21
2024/04/18 20:13:00 [error] 21#21: *1 open() "/usr/share/nginx/html/favicon.ico" failed (2: No such file or directory), client: 192.168.2.7, server: localhost, request: "GET /favicon.ico HTTP/1.1", host: "192.168.2.17", referrer: "http://192.168.2.17/"
2024/04/18 20:29:48 [notice] 1#1: signal 3 (SIGQUIT) received, shutting down
2024/04/18 20:29:48 [notice] 21#21: gracefully shutting down
2024/04/18 20:29:48 [notice] 21#21: exiting
2024/04/18 20:29:48 [notice] 21#21: exit
2024/04/18 20:29:48 [notice] 1#1: signal 17 (SIGCHLD) received from 21
2024/04/18 20:29:48 [notice] 1#1: worker process 21 exited with code 0
2024/04/18 20:29:48 [notice] 1#1: exit
2024/04/18 20:30:00 [notice] 1#1: using the "epoll" event method
2024/04/18 20:30:00 [notice] 1#1: nginx/1.25.5
2024/04/18 20:30:00 [notice] 1#1: built by gcc 12.2.0 (Debian 12.2.0-14) 
2024/04/18 20:30:00 [notice] 1#1: OS: Linux 6.1.0-20-amd64
2024/04/18 20:30:00 [notice] 1#1: getrlimit(RLIMIT_NOFILE): 1048576:1048576
2024/04/18 20:30:00 [notice] 1#1: start worker processes
2024/04/18 20:30:00 [notice] 1#1: start worker process 21
2024/04/18 21:11:38 [notice] 1#1: signal 3 (SIGQUIT) received, shutting down
2024/04/18 21:11:38 [notice] 21#21: gracefully shutting down
2024/04/18 21:11:38 [notice] 21#21: exiting
2024/04/18 21:11:38 [notice] 21#21: exit
2024/04/18 21:11:38 [notice] 1#1: signal 17 (SIGCHLD) received from 21
2024/04/18 21:11:38 [notice] 1#1: worker process 21 exited with code 0
2024/04/18 21:11:38 [notice] 1#1: exit
2024/04/18 21:19:22 [notice] 1#1: using the "epoll" event method
2024/04/18 21:19:22 [notice] 1#1: nginx/1.25.5
2024/04/18 21:19:22 [notice] 1#1: built by gcc 12.2.0 (Debian 12.2.0-14) 
2024/04/18 21:19:22 [notice] 1#1: OS: Linux 6.1.0-20-amd64
2024/04/18 21:19:22 [notice] 1#1: getrlimit(RLIMIT_NOFILE): 1048576:1048576
2024/04/18 21:19:22 [notice] 1#1: start worker processes
2024/04/18 21:19:22 [notice] 1#1: start worker process 21
2024/04/18 21:19:33 [error] 21#21: *1 open() "/usr/share/nginx/html/favicon.ico" failed (2: No such file or directory), client: 192.168.2.7, server: localhost, request: "GET /favicon.ico HTTP/1.1", host: "192.168.2.17", referrer: "http://192.168.2.17/"
2024/04/18 21:24:48 [notice] 1#1: signal 3 (SIGQUIT) received, shutting down
2024/04/18 21:24:48 [notice] 21#21: gracefully shutting down
2024/04/18 21:24:48 [notice] 21#21: exiting
2024/04/18 21:24:48 [notice] 21#21: exit
2024/04/18 21:24:48 [notice] 1#1: signal 17 (SIGCHLD) received from 21
2024/04/18 21:24:48 [notice] 1#1: worker process 21 exited with code 0
2024/04/18 21:24:48 [notice] 1#1: exit
